<?xml version="1.0" encoding="UTF-8"?>
<testsuites name="jest tests" tests="54" failures="0" errors="0" time="5.349">
  <testsuite name="CategoryModal Component" errors="0" failures="0" skipped="0" timestamp="2025-05-12T15:01:03" time="1.61" tests="5">
    <testcase classname="CategoryModal Component does not render when isOpen is false" name="CategoryModal Component does not render when isOpen is false" time="0.069">
    </testcase>
    <testcase classname="CategoryModal Component renders when isOpen is true" name="CategoryModal Component renders when isOpen is true" time="0.05">
    </testcase>
    <testcase classname="CategoryModal Component calls onClose when the modal is closed" name="CategoryModal Component calls onClose when the modal is closed" time="0.021">
    </testcase>
    <testcase classname="CategoryModal Component checks the correct checkboxes based on selected categories" name="CategoryModal Component checks the correct checkboxes based on selected categories" time="0.027">
    </testcase>
    <testcase classname="CategoryModal Component calls onCategoryChange when a checkbox is toggled" name="CategoryModal Component calls onCategoryChange when a checkbox is toggled" time="0.026">
    </testcase>
  </testsuite>
  <testsuite name="EquipmentModal Component" errors="0" failures="0" skipped="0" timestamp="2025-05-12T15:01:03" time="1.651" tests="5">
    <testcase classname="EquipmentModal Component does not render when isOpen is false" name="EquipmentModal Component does not render when isOpen is false" time="0.083">
    </testcase>
    <testcase classname="EquipmentModal Component renders when isOpen is true" name="EquipmentModal Component renders when isOpen is true" time="0.051">
    </testcase>
    <testcase classname="EquipmentModal Component calls onClose when the modal is closed" name="EquipmentModal Component calls onClose when the modal is closed" time="0.022">
    </testcase>
    <testcase classname="EquipmentModal Component checks the correct checkboxes based on selected equipment" name="EquipmentModal Component checks the correct checkboxes based on selected equipment" time="0.017">
    </testcase>
    <testcase classname="EquipmentModal Component calls onEquipmentChange when a checkbox is toggled" name="EquipmentModal Component calls onEquipmentChange when a checkbox is toggled" time="0.027">
    </testcase>
  </testsuite>
  <testsuite name="ExerciseDetailPage Component" errors="0" failures="0" skipped="0" timestamp="2025-05-12T15:01:03" time="1.75" tests="7">
    <testcase classname="ExerciseDetailPage Component renders loading state" name="ExerciseDetailPage Component renders loading state" time="0.083">
    </testcase>
    <testcase classname="ExerciseDetailPage Component renders error state" name="ExerciseDetailPage Component renders error state" time="0.006">
    </testcase>
    <testcase classname="ExerciseDetailPage Component renders exercise details" name="ExerciseDetailPage Component renders exercise details" time="0.137">
    </testcase>
    <testcase classname="ExerciseDetailPage Component toggles to edit mode" name="ExerciseDetailPage Component toggles to edit mode" time="0.025">
    </testcase>
    <testcase classname="ExerciseDetailPage Component cancels edit mode" name="ExerciseDetailPage Component cancels edit mode" time="0.014">
    </testcase>
    <testcase classname="ExerciseDetailPage Component saves changes and exits edit mode" name="ExerciseDetailPage Component saves changes and exits edit mode" time="0.016">
    </testcase>
    <testcase classname="ExerciseDetailPage Component navigates back to the exercises list" name="ExerciseDetailPage Component navigates back to the exercises list" time="0.009">
    </testcase>
  </testsuite>
  <testsuite name="Exercises Component" errors="0" failures="0" skipped="0" timestamp="2025-05-12T15:01:03" time="1.764" tests="6">
    <testcase classname="Exercises Component renders the search bar and exercise table" name="Exercises Component renders the search bar and exercise table" time="0.127">
    </testcase>
    <testcase classname="Exercises Component filters exercises based on search input" name="Exercises Component filters exercises based on search input" time="0.05">
    </testcase>
    <testcase classname="Exercises Component display add and delete buttons when delete mode is off" name="Exercises Component display add and delete buttons when delete mode is off" time="0.016">
    </testcase>
    <testcase classname="Exercises Component toggles delete mode and shows confirm/cancel buttons" name="Exercises Component toggles delete mode and shows confirm/cancel buttons" time="0.026">
    </testcase>
    <testcase classname="Exercises Component navigates to the create exercise page when &apos;Hinzufügen&apos; is clicked" name="Exercises Component navigates to the create exercise page when &apos;Hinzufügen&apos; is clicked" time="0.017">
    </testcase>
    <testcase classname="Exercises Component shows the confirm deletion dialog when &apos;Bestätigen&apos; is clicked" name="Exercises Component shows the confirm deletion dialog when &apos;Bestätigen&apos; is clicked" time="0.025">
    </testcase>
  </testsuite>
  <testsuite name="ExerciseTable Component" errors="0" failures="0" skipped="0" timestamp="2025-05-12T15:01:03" time="1.923" tests="6">
    <testcase classname="ExerciseTable Component renders the table with exercises" name="ExerciseTable Component renders the table with exercises" time="0.097">
    </testcase>
    <testcase classname="ExerciseTable Component navigates to the exercise detail page when a row is clicked (not in delete mode)" name="ExerciseTable Component navigates to the exercise detail page when a row is clicked (not in delete mode)" time="0.021">
    </testcase>
    <testcase classname="ExerciseTable Component toggles exercise selection when a row is clicked in delete mode" name="ExerciseTable Component toggles exercise selection when a row is clicked in delete mode" time="0.015">
    </testcase>
    <testcase classname="ExerciseTable Component displays checkboxes in delete mode" name="ExerciseTable Component displays checkboxes in delete mode" time="0.157">
    </testcase>
    <testcase classname="ExerciseTable Component checks the checkbox for selected exercises in delete mode" name="ExerciseTable Component checks the checkbox for selected exercises in delete mode" time="0.097">
    </testcase>
    <testcase classname="ExerciseTable Component prevents row click propagation when a checkbox is clicked" name="ExerciseTable Component prevents row click propagation when a checkbox is clicked" time="0.044">
    </testcase>
  </testsuite>
  <testsuite name="EditGeneralExerciseForm Component" errors="0" failures="0" skipped="0" timestamp="2025-05-12T15:01:03" time="2.006" tests="8">
    <testcase classname="EditGeneralExerciseForm Component renders all form fields" name="EditGeneralExerciseForm Component renders all form fields" time="0.149">
    </testcase>
    <testcase classname="EditGeneralExerciseForm Component opens and closes the category modal" name="EditGeneralExerciseForm Component opens and closes the category modal" time="0.077">
    </testcase>
    <testcase classname="EditGeneralExerciseForm Component opens and closes the equipment modal" name="EditGeneralExerciseForm Component opens and closes the equipment modal" time="0.038">
    </testcase>
    <testcase classname="EditGeneralExerciseForm Component calls onCancel when the cancel button is clicked" name="EditGeneralExerciseForm Component calls onCancel when the cancel button is clicked" time="0.021">
    </testcase>
    <testcase classname="EditGeneralExerciseForm Component calls updateGeneralExercise on form submission" name="EditGeneralExerciseForm Component calls updateGeneralExercise on form submission" time="0.101">
    </testcase>
    <testcase classname="EditGeneralExerciseForm Component calls onUpdateSuccess after successful update" name="EditGeneralExerciseForm Component calls onUpdateSuccess after successful update" time="0.03">
    </testcase>
    <testcase classname="EditGeneralExerciseForm Component displays an error message if update fails" name="EditGeneralExerciseForm Component displays an error message if update fails" time="0.016">
    </testcase>
    <testcase classname="EditGeneralExerciseForm Component disables the submit button when loading" name="EditGeneralExerciseForm Component disables the submit button when loading" time="0.031">
    </testcase>
  </testsuite>
  <testsuite name="CreateGeneralExerciseForm Component" errors="0" failures="0" skipped="0" timestamp="2025-05-12T15:01:03" time="2.37" tests="5">
    <testcase classname="CreateGeneralExerciseForm Component renders all form fields" name="CreateGeneralExerciseForm Component renders all form fields" time="0.241">
    </testcase>
    <testcase classname="CreateGeneralExerciseForm Component calls createGeneralExercise on form submission" name="CreateGeneralExerciseForm Component calls createGeneralExercise on form submission" time="0.35">
    </testcase>
    <testcase classname="CreateGeneralExerciseForm Component navigates to the exercises page on successful submission" name="CreateGeneralExerciseForm Component navigates to the exercises page on successful submission" time="0.052">
    </testcase>
    <testcase classname="CreateGeneralExerciseForm Component displays an error message if submission fails" name="CreateGeneralExerciseForm Component displays an error message if submission fails" time="0.041">
    </testcase>
    <testcase classname="CreateGeneralExerciseForm Component disables the submit button when loading" name="CreateGeneralExerciseForm Component disables the submit button when loading" time="0.045">
    </testcase>
  </testsuite>
  <testsuite name="GeneralExercisePage" errors="0" failures="0" skipped="0" timestamp="2025-05-12T15:01:05" time="1.07" tests="3">
    <testcase classname="GeneralExercisePage renders loading state" name="GeneralExercisePage renders loading state" time="0.041">
    </testcase>
    <testcase classname="GeneralExercisePage renders error state" name="GeneralExercisePage renders error state" time="0.006">
    </testcase>
    <testcase classname="GeneralExercisePage renders exercise list" name="GeneralExercisePage renders exercise list" time="0.119">
    </testcase>
  </testsuite>
  <testsuite name="GeneralInfo Component" errors="0" failures="0" skipped="0" timestamp="2025-05-12T15:01:05" time="1.035" tests="4">
    <testcase classname="GeneralInfo Component renders all exercise details" name="GeneralInfo Component renders all exercise details" time="0.107">
    </testcase>
    <testcase classname="GeneralInfo Component renders the video link with correct attributes" name="GeneralInfo Component renders the video link with correct attributes" time="0.015">
    </testcase>
    <testcase classname="GeneralInfo Component renders the thumbnail image with correct attributes" name="GeneralInfo Component renders the thumbnail image with correct attributes" time="0.013">
    </testcase>
    <testcase classname="GeneralInfo Component calls onEdit when the edit button is clicked" name="GeneralInfo Component calls onEdit when the edit button is clicked" time="0.019">
    </testcase>
  </testsuite>
  <testsuite name="undefined" errors="0" failures="0" skipped="0" timestamp="2025-05-12T15:01:05" time="0.819" tests="1">
    <testcase classname=" load admin dashboard" name=" load admin dashboard" time="0.041">
    </testcase>
  </testsuite>
  <testsuite name="Sidebar Component" errors="0" failures="0" skipped="0" timestamp="2025-05-12T15:01:05" time="1.071" tests="2">
    <testcase classname="Sidebar Component renders the Sidebar with navigation links" name="Sidebar Component renders the Sidebar with navigation links" time="0.064">
    </testcase>
    <testcase classname="Sidebar Component highlights active page" name="Sidebar Component highlights active page" time="0.013">
    </testcase>
  </testsuite>
  <testsuite name="CreateGeneralExercisePage Component" errors="0" failures="0" skipped="0" timestamp="2025-05-12T15:01:05" time="1.077" tests="2">
    <testcase classname="CreateGeneralExercisePage Component renders the page title" name="CreateGeneralExercisePage Component renders the page title" time="0.134">
    </testcase>
    <testcase classname="CreateGeneralExercisePage Component applies the correct styling to the container" name="CreateGeneralExercisePage Component applies the correct styling to the container" time="0.042">
    </testcase>
  </testsuite>
</testsuites>